Added Component: Designator=C1(FP-RAD-TH-D_10_0_5-L_16_1-MFG)
Added Component: Designator=C2(CAPPR55-250-1120X630X1220)
Added Component: Designator=C3(CAPPR55-250-1120X630X1220)
Added Component: Designator=C4(FP-RAD-TH-D_6_3_0_5-L_7_1-MFG)
Added Component: Designator=C5(FP-RAD-TH-D_6_3_0_5-L_7_1-MFG)
Added Component: Designator=P1(MOLX-22-27-2021_V)
Added Component: Designator=P2(MOLX-22-27-2021_V)
Added Component: Designator=P3(MOLX-22-27-2021_V)
Added Component: Designator=PR1(FP-SQP500-MFG)
Added Component: Designator=PR2(FP-SQP500-MFG)
Added Component: Designator=Q1(FP-TO-220-P0A0015988-MFG)
Added Component: Designator=R1(RESC1609X50X30NL8T20)
Added Component: Designator=R2(RESC1609X50X30NL8T20)
Added Component: Designator=R3(RESC1609X50X30NL8T20)
Added Component: Designator=R4(RESC1609X50X30NL8T20)
Added Component: Designator=R5(RESC1609X50X30NL8T20)
Added Component: Designator=R6(RESC1609X50X30NL8T20)
Added Component: Designator=R7(RESC1609X50X30NL8T20)
Added Component: Designator=R8(RESC1609X50X30NL8T20)
Added Component: Designator=R9(RESC1609X50X30NL8T20)
Added Component: Designator=S1(FP-TO-220-P0A0015988-MFG)
Added Component: Designator=S2(FP-TO-220-P0A0015988-MFG)
Added Component: Designator=T1(FP-TO-220-P0A0015988-MFG)
Added Component: Designator=T2(FP-TO-220-P0A0015988-MFG)
Add Pin To Net: Unknown Pin: Pin C1-1
Add Pin To Net: Unknown Pin: Pin C1-2
Add Pin To Net: Unknown Pin: Pin C2-1
Add Pin To Net: Unknown Pin: Pin C2-2
Add Pin To Net: Unknown Pin: Pin C3-1
Add Pin To Net: Unknown Pin: Pin C3-2
Add Pin To Net: Unknown Pin: Pin C4-1
Add Pin To Net: Unknown Pin: Pin C4-2
Add Pin To Net: Unknown Pin: Pin C5-1
Add Pin To Net: Unknown Pin: Pin C5-2
Add Pin To Net: Unknown Pin: Pin P1-1
Add Pin To Net: Unknown Pin: Pin P1-2
Add Pin To Net: Unknown Pin: Pin P2-1
Add Pin To Net: Unknown Pin: Pin P2-2
Add Pin To Net: Unknown Pin: Pin P3-1
Add Pin To Net: Unknown Pin: Pin P3-2
Add Pin To Net: Unknown Pin: Pin PR1-1
Add Pin To Net: Unknown Pin: Pin PR1-2
Add Pin To Net: Unknown Pin: Pin PR2-1
Add Pin To Net: Unknown Pin: Pin PR2-2
Add Pin To Net: Unknown Pin: Pin Q1-1
Add Pin To Net: Unknown Pin: Pin Q1-2
Add Pin To Net: Unknown Pin: Pin Q1-3
Add Pin To Net: Unknown Pin: Pin R1-1
Add Pin To Net: Unknown Pin: Pin R1-2
Add Pin To Net: Unknown Pin: Pin R2-1
Add Pin To Net: Unknown Pin: Pin R2-2
Add Pin To Net: Unknown Pin: Pin R3-1
Add Pin To Net: Unknown Pin: Pin R3-2
Add Pin To Net: Unknown Pin: Pin R4-1
Add Pin To Net: Unknown Pin: Pin R4-2
Add Pin To Net: Unknown Pin: Pin R5-1
Add Pin To Net: Unknown Pin: Pin R5-2
Add Pin To Net: Unknown Pin: Pin R6-1
Add Pin To Net: Unknown Pin: Pin R6-2
Add Pin To Net: Unknown Pin: Pin R7-1
Add Pin To Net: Unknown Pin: Pin R7-2
Add Pin To Net: Unknown Pin: Pin R8-1
Add Pin To Net: Unknown Pin: Pin R8-2
Add Pin To Net: Unknown Pin: Pin R9-1
Add Pin To Net: Unknown Pin: Pin R9-2
Add Pin To Net: Unknown Pin: Pin S1-1
Add Pin To Net: Unknown Pin: Pin S1-2
Add Pin To Net: Unknown Pin: Pin S1-3
Add Pin To Net: Unknown Pin: Pin S2-1
Add Pin To Net: Unknown Pin: Pin S2-2
Add Pin To Net: Unknown Pin: Pin S2-3
Add Pin To Net: Unknown Pin: Pin T1-1
Add Pin To Net: Unknown Pin: Pin T1-2
Add Pin To Net: Unknown Pin: Pin T1-3
Add Pin To Net: Unknown Pin: Pin T2-1
Add Pin To Net: Unknown Pin: Pin T2-2
Add Pin To Net: Unknown Pin: Pin T2-3
