Added Component: Designator=C1(FP-RAD-TH-D_10_0_5-L_16_1-MFG)
Added Component: Designator=C2(CAPPR55-250-1120X630X1220)
Added Component: Designator=C3(CAPPR55-250-1120X630X1220)
Added Component: Designator=C4(FP-RAD-TH-D_6_3_0_5-L_7_1-MFG)
Added Component: Designator=C5(FP-RAD-TH-D_6_3_0_5-L_7_1-MFG)
Added Component: Designator=P1(MOLX-22-27-2021_V)
Added Component: Designator=P2(MOLX-22-27-2021_V)
Added Component: Designator=P3(MOLX-22-27-2021_V)
Added Component: Designator=PR1(FP-SQP500-MFG)
Added Component: Designator=PR2(FP-SQP500-MFG)
Added Component: Designator=Q1(FP-TO-220-P0A0015988-MFG)
Added Component: Designator=R1(RESC1609X50X30NL8T20)
Added Component: Designator=R2(RESC1609X50X30NL8T20)
Added Component: Designator=R3(RESC1609X50X30NL8T20)
Added Component: Designator=R4(RESC1609X50X30NL8T20)
Added Component: Designator=R5(RESC1609X50X30NL8T20)
Added Component: Designator=R6(RESC1609X50X30NL8T20)
Added Component: Designator=R7(RESC1609X50X30NL8T20)
Added Component: Designator=R8(RESC1609X50X30NL8T20)
Added Component: Designator=R9(RESC1609X50X30NL8T20)
Added Component: Designator=S1(FP-TO-220-P0A0015988-MFG)
Added Component: Designator=S2(FP-TO-220-P0A0015988-MFG)
Added Component: Designator=T1(FP-TO-220-P0A0015988-MFG)
Added Component: Designator=T2(FP-TO-220-P0A0015988-MFG)
Added Net: Name=GND
Added Net: Name=NetC1_2
Added Net: Name=NetC3_1
Added Net: Name=NetC3_2
Added Net: Name=NetC4_1
Added Net: Name=NetC4_2
Added Net: Name=NetC5_1
Added Net: Name=NetC5_2
Added Net: Name=NetP1_2
Added Net: Name=NetPR1_2
Added Net: Name=NetPR2_1
Added Net: Name=NetR7_2
Added Net: Name=NetR8_1
Added Net: Name=VCC
